2026-04-14 10:12:47 | INFO     | trading_bot.client | Placing SELL LIMIT order | symbol=ETHUSDT | qty=0.01 | price=3000.0
2026-04-14 10:12:47 | DEBUG    | trading_bot.client | API request  → POST https://testnet.binancefuture.com/fapi/v1/order | params: {'symbol': 'ETHUSDT', 'side': 'SELL', 'type': 'LIMIT', 'quantity': 0.01, 'price': 3000.0, 'timeInForce': 'GTC', 'timestamp': 1744624967103, 'recvWindow': 5000, 'signature': '***'}
2026-04-14 10:12:47 | DEBUG    | trading_bot.client | API response ← POST https://testnet.binancefuture.com/fapi/v1/order | status: 200 | body: {"orderId":1823904571,"symbol":"ETHUSDT","status":"NEW","clientOrderId":"web_Hx8nO2rL3qM9sT0uV1wX","price":"3000.00","avgPrice":"0.00000","origQty":"0.01","executedQty":"0","cumQty":"0","cumQuote":"0","timeInForce":"GTC","type":"LIMIT","reduceOnly":false,"closePosition":false,"side":"SELL","positionSide":"BOTH","stopPrice":"0","workingType":"CONTRACT_PRICE","priceProtect":false,"origType":"LIMIT","updateTime":1744624967445}
2026-04-14 10:12:47 | INFO     | trading_bot.orders | Order summary:
=======================================================
  ORDER REQUEST SUMMARY
=======================================================
  Symbol     : ETHUSDT
  Side       : SELL
  Type       : LIMIT
  Quantity   : 0.01
  Price      : 3000.0
=======================================================
2026-04-14 10:12:47 | INFO     | trading_bot.orders | Order response:
=======================================================
  ORDER RESPONSE
=======================================================
  Order ID   : 1823904571
  Status     : NEW
  Symbol     : ETHUSDT
  Side       : SELL
  Type       : LIMIT
  Orig Qty   : 0.01
  Exec Qty   : 0
  Avg Price  : 0.00000
  Price      : 3000.00
  Time       : 1744624967445
=======================================================
2026-04-14 10:12:47 | INFO     | trading_bot.orders | Order placed successfully | orderId=1823904571 | status=NEW
