2026-04-14 10:05:23 | INFO     | trading_bot.client | Placing BUY MARKET order | symbol=BTCUSDT | qty=0.001 | price=MARKET
2026-04-14 10:05:23 | DEBUG    | trading_bot.client | API request  → POST https://testnet.binancefuture.com/fapi/v1/order | params: {'symbol': 'BTCUSDT', 'side': 'BUY', 'type': 'MARKET', 'quantity': 0.001, 'timestamp': 1744624523412, 'recvWindow': 5000, 'signature': '***'}
2026-04-14 10:05:23 | DEBUG    | trading_bot.client | API response ← POST https://testnet.binancefuture.com/fapi/v1/order | status: 200 | body: {"orderId":4285817839,"symbol":"BTCUSDT","status":"FILLED","clientOrderId":"web_Gx7mN1qK2pL8rS9tU0vW","price":"0","avgPrice":"83512.40000","origQty":"0.001","executedQty":"0.001","cumQty":"0.001","cumQuote":"83.51240","timeInForce":"GTC","type":"MARKET","reduceOnly":false,"closePosition":false,"side":"BUY","positionSide":"BOTH","stopPrice":"0","workingType":"CONTRACT_PRICE","priceProtect":false,"origType":"MARKET","updateTime":1744624523899}
2026-04-14 10:05:23 | INFO     | trading_bot.orders | Order summary:
=======================================================
  ORDER REQUEST SUMMARY
=======================================================
  Symbol     : BTCUSDT
  Side       : BUY
  Type       : MARKET
  Quantity   : 0.001
=======================================================
2026-04-14 10:05:23 | INFO     | trading_bot.orders | Order response:
=======================================================
  ORDER RESPONSE
=======================================================
  Order ID   : 4285817839
  Status     : FILLED
  Symbol     : BTCUSDT
  Side       : BUY
  Type       : MARKET
  Orig Qty   : 0.001
  Exec Qty   : 0.001
  Avg Price  : 83512.40000
  Price      : 0
  Time       : 1744624523899
=======================================================
2026-04-14 10:05:23 | INFO     | trading_bot.orders | Order placed successfully | orderId=4285817839 | status=FILLED
